[debug] [2022-07-31T21:07:56.695Z] ----------------------------------------------------------------------
[debug] [2022-07-31T21:07:56.698Z] Command:       /Users/samdrumm/.nvm/versions/node/v16.13.0/bin/node /Users/samdrumm/.nvm/versions/node/v16.13.0/bin/firebase init hosting
[debug] [2022-07-31T21:07:56.698Z] CLI Version:   11.4.0
[debug] [2022-07-31T21:07:56.698Z] Platform:      darwin
[debug] [2022-07-31T21:07:56.698Z] Node Version:  v16.13.0
[debug] [2022-07-31T21:07:56.699Z] Time:          Sun Jul 31 2022 22:07:56 GMT+0100 (British Summer Time)
[debug] [2022-07-31T21:07:56.700Z] ----------------------------------------------------------------------
[debug] 
[debug] [2022-07-31T21:07:56.757Z] > command requires scopes: ["email","openid","https://www.googleapis.com/auth/cloudplatformprojects.readonly","https://www.googleapis.com/auth/firebase","https://www.googleapis.com/auth/cloud-platform"]
[debug] [2022-07-31T21:07:56.758Z] > authorizing via signed-in user (samueldrumm@gmail.com)
[info] 
     ######## #### ########  ######## ########     ###     ######  ########
     ##        ##  ##     ## ##       ##     ##  ##   ##  ##       ##
     ######    ##  ########  ######   ########  #########  ######  ######
     ##        ##  ##    ##  ##       ##     ## ##     ##       ## ##
     ##       #### ##     ## ######## ########  ##     ##  ######  ########

You're about to initialize a Firebase project in this directory:

  /Users/samdrumm/Documents/Code/Projects/blogsite

Before we get started, keep in mind:

  * You are initializing within an existing Firebase project directory

[info] 
=== Project Setup
[info] 
[info] First, let's associate this project directory with a Firebase project.
[info] You can create multiple project aliases by running firebase use --add, 
[info] but for now we'll just set up a default project.
[info] 
[debug] [2022-07-31T21:07:56.762Z] Using project from CLI flag: blogsite-5506d
[debug] [2022-07-31T21:07:56.765Z] >>> [apiv2][query] GET https://firebase.googleapis.com/v1beta1/projects/blogsite-5506d [none]
[debug] [2022-07-31T21:07:57.042Z] <<< [apiv2][status] GET https://firebase.googleapis.com/v1beta1/projects/blogsite-5506d 200
[debug] [2022-07-31T21:07:57.043Z] <<< [apiv2][body] GET https://firebase.googleapis.com/v1beta1/projects/blogsite-5506d {"projectId":"blogsite-5506d","projectNumber":"426954809830","displayName":"blogsite","name":"projects/blogsite-5506d","resources":{"hostingSite":"blogsite-5506d","storageBucket":"blogsite-5506d.appspot.com","locationId":"europe-west"},"state":"ACTIVE","etag":"1_b5f1a141-0d73-4b81-b645-0cda1d049a86"}
[info] i  Using project blogsite-5506d (blogsite) 
[info] 
=== Hosting Setup
[info] 
[info] Your public directory is the folder (relative to your project directory) that
[info] will contain Hosting assets to be uploaded with firebase deploy. If you
[info] have a build process for your assets, use your build's output directory.
[info] 
